{
  "RSpec": {
    "coverage": {
      "/mnt/c/Users/rymiw/CascadeProjects/weather_forecast_app/app/helpers/application_helper.rb": {
        "lines": [
          1,
          null
        ]
      },
      "/mnt/c/Users/rymiw/CascadeProjects/weather_forecast_app/app/helpers/current_weather_helper.rb": {
        "lines": [
          null,
          null,
          null,
          1,
          null,
          null,
          1,
          null,
          0,
          null,
          null
        ]
      },
      "/mnt/c/Users/rymiw/CascadeProjects/weather_forecast_app/app/helpers/date_time_formatter_helper.rb": {
        "lines": [
          null,
          null,
          null,
          null,
          1,
          null,
          null,
          null,
          1,
          2,
          1,
          null,
          null,
          null,
          null,
          null,
          1,
          3,
          2,
          null,
          null,
          null,
          null,
          null,
          1,
          4,
          null,
          null,
          3,
          null,
          2,
          null,
          1,
          null,
          null,
          null,
          2,
          null,
          null,
          null,
          null,
          null,
          1,
          2,
          1,
          null,
          null
        ]
      },
      "/mnt/c/Users/rymiw/CascadeProjects/weather_forecast_app/app/helpers/forecasts_helper.rb": {
        "lines": [
          1,
          null,
          null,
          1,
          9,
          null,
          6,
          9,
          null,
          4,
          null,
          null,
          null,
          1,
          null,
          1,
          11,
          null,
          null
        ]
      },
      "/mnt/c/Users/rymiw/CascadeProjects/weather_forecast_app/app/helpers/temperature_helper.rb": {
        "lines": [
          null,
          1,
          null,
          null,
          null,
          1,
          null,
          null,
          null,
          null,
          null,
          null,
          null,
          null,
          1,
          19,
          null,
          null,
          17,
          null,
          null,
          null,
          null,
          null,
          null,
          17,
          null,
          null,
          17,
          null,
          5,
          5,
          null,
          null,
          12,
          12,
          null,
          null,
          null,
          17,
          17,
          null,
          null,
          17,
          3,
          3,
          null,
          null,
          null,
          17,
          0,
          null,
          null,
          null,
          17,
          null,
          null,
          1,
          null,
          null,
          1,
          null,
          0,
          null,
          0,
          0,
          0,
          0,
          0,
          0,
          0,
          0,
          null,
          0,
          null,
          null,
          null,
          0,
          0,
          0,
          0,
          0,
          0,
          0,
          0,
          null,
          0,
          null,
          null,
          null,
          null,
          null,
          1,
          3,
          null,
          0,
          null,
          0,
          null,
          2,
          null,
          0,
          null,
          1,
          null,
          0,
          null,
          null,
          null,
          null,
          null,
          null,
          1,
          null,
          17,
          null,
          null,
          3,
          2,
          null,
          null,
          null,
          1,
          null,
          null
        ]
      },
      "/mnt/c/Users/rymiw/CascadeProjects/weather_forecast_app/app/helpers/weather_card_helper.rb": {
        "lines": [
          null,
          null,
          null,
          1,
          null,
          null,
          null,
          null,
          null,
          1,
          null,
          0,
          0,
          0,
          0,
          0,
          0,
          null,
          null,
          0,
          0,
          null,
          null,
          null,
          0,
          null,
          null,
          1,
          null,
          null,
          null,
          null,
          null,
          1,
          0,
          0,
          0,
          0,
          0,
          0,
          0,
          0,
          0,
          null,
          0,
          null,
          null,
          0,
          0,
          0,
          0,
          0,
          0,
          0,
          0,
          null,
          0,
          null,
          null,
          null,
          null,
          null,
          null,
          null,
          1,
          0,
          null,
          null,
          null,
          null,
          null,
          1,
          0,
          null,
          null,
          null,
          null,
          null,
          1,
          0,
          null,
          null,
          null,
          null,
          null,
          1,
          0,
          null,
          null,
          null,
          null,
          null,
          1,
          0,
          null,
          null,
          null,
          null,
          null,
          1,
          0,
          null,
          null,
          null,
          null,
          null,
          null,
          1,
          0,
          null,
          null
        ]
      },
      "/mnt/c/Users/rymiw/CascadeProjects/weather_forecast_app/app/helpers/weather_icon_helper.rb": {
        "lines": [
          null,
          null,
          null,
          1,
          null,
          null,
          null,
          1,
          0,
          null,
          0,
          null,
          0,
          null,
          0,
          null,
          0,
          null,
          0,
          null,
          0,
          null,
          0,
          null,
          0,
          null,
          0,
          0,
          null,
          null,
          null
        ]
      },
      "/mnt/c/Users/rymiw/CascadeProjects/weather_forecast_app/app/helpers/weather_icons_helper.rb": {
        "lines": [
          null,
          null,
          null,
          1,
          null,
          null,
          null,
          1,
          32,
          null,
          29,
          null,
          7,
          null,
          8,
          null,
          3,
          null,
          2,
          null,
          2,
          null,
          2,
          null,
          1,
          null,
          4,
          null,
          null,
          null,
          null,
          null,
          null,
          null,
          1,
          2,
          null,
          null,
          null,
          null,
          null
        ]
      },
      "/mnt/c/Users/rymiw/CascadeProjects/weather_forecast_app/app/controllers/forecasts_controller.rb": {
        "lines": [
          null,
          null,
          1,
          1,
          null,
          null,
          1,
          null,
          33,
          null,
          null,
          33,
          null,
          17,
          17,
          null,
          8,
          null,
          1,
          1,
          1,
          null,
          null,
          null,
          7,
          null,
          4,
          4,
          4,
          null,
          12,
          null,
          2,
          2,
          2,
          null,
          null,
          4,
          4,
          4,
          null,
          null,
          2,
          2,
          2,
          null,
          null,
          4,
          4,
          4,
          null,
          16,
          null,
          3,
          3,
          null,
          null,
          null,
          null,
          1,
          7,
          null,
          null,
          null,
          1,
          6,
          2,
          2,
          null,
          2,
          null,
          2,
          null,
          null,
          2,
          2,
          2,
          null,
          null,
          null,
          null,
          4,
          null,
          null,
          0,
          null,
          0,
          0,
          0,
          null,
          null,
          null,
          1,
          null,
          1,
          6,
          null,
          null
        ]
      },
      "/mnt/c/Users/rymiw/CascadeProjects/weather_forecast_app/app/controllers/application_controller.rb": {
        "lines": [
          1,
          null,
          1,
          null,
          null,
          1,
          null,
          0,
          0,
          null,
          null,
          null,
          0,
          null,
          null
        ]
      },
      "/mnt/c/Users/rymiw/CascadeProjects/weather_forecast_app/app/models/forecast.rb": {
        "lines": [
          1,
          null,
          1,
          1,
          null,
          null,
          1,
          48,
          null,
          null,
          null,
          43,
          null,
          null,
          null,
          null,
          null,
          null,
          1,
          9,
          9,
          null,
          null,
          null,
          null,
          null,
          1,
          0,
          null,
          null,
          null,
          null,
          null,
          null,
          null,
          null,
          null,
          null,
          null,
          null,
          null,
          1,
          2,
          null,
          null,
          null,
          null,
          1,
          null,
          4,
          null,
          4,
          null,
          null,
          null,
          null,
          1,
          4,
          null,
          3,
          null,
          1,
          null,
          null,
          null,
          null,
          1,
          null,
          0,
          null,
          null,
          0,
          null,
          null,
          null,
          null,
          1,
          null,
          61,
          19,
          null,
          23,
          null,
          null,
          null,
          1,
          null,
          null,
          null,
          1,
          null,
          22,
          null,
          null,
          22,
          null,
          22,
          19,
          0,
          null,
          null,
          null,
          null,
          null,
          1,
          null,
          0,
          null,
          null,
          0,
          null,
          0,
          0,
          0,
          null,
          null,
          null
        ]
      },
      "/mnt/c/Users/rymiw/CascadeProjects/weather_forecast_app/app/models/application_record.rb": {
        "lines": [
          1,
          1,
          null
        ]
      },
      "/mnt/c/Users/rymiw/CascadeProjects/weather_forecast_app/app/services/error_handling_service.rb": {
        "lines": [
          null,
          null,
          null,
          null,
          1,
          null,
          1,
          1,
          1,
          1,
          1,
          null,
          null,
          1,
          null,
          null,
          null,
          null,
          null,
          1,
          11,
          null,
          11,
          null,
          0,
          null,
          1,
          null,
          1,
          null,
          1,
          null,
          1,
          null,
          5,
          null,
          2,
          null,
          null,
          null,
          null,
          null,
          null,
          null,
          1,
          5,
          null,
          3,
          3,
          null,
          3,
          null,
          null,
          null,
          null,
          null,
          null,
          null,
          null,
          1,
          3,
          null,
          null,
          3,
          null,
          null,
          3,
          null,
          null,
          null,
          null,
          null,
          null,
          1,
          11,
          null,
          10,
          null,
          null,
          null,
          null,
          null,
          null,
          null,
          null,
          null,
          null,
          null,
          1,
          2,
          null,
          1,
          null,
          null,
          null,
          null,
          null,
          null,
          null
        ]
      },
      "/mnt/c/Users/rymiw/CascadeProjects/weather_forecast_app/app/services/forecast_retrieval_service.rb": {
        "lines": [
          null,
          null,
          1,
          null,
          null,
          null,
          1,
          1,
          null,
          null,
          null,
          null,
          null,
          1,
          0,
          null,
          null,
          0,
          null,
          null,
          null,
          null,
          null,
          1,
          0,
          0,
          null,
          null,
          null,
          null,
          1,
          0,
          null,
          0,
          0,
          null,
          null,
          0,
          null,
          0,
          0,
          null,
          null,
          0,
          null,
          null,
          0,
          null,
          null,
          null,
          1,
          null,
          null,
          null,
          null,
          1,
          0,
          null,
          null,
          null,
          null,
          null,
          1,
          null,
          0,
          0,
          null,
          null,
          0,
          0,
          0,
          0,
          null,
          null,
          0,
          null,
          null,
          0,
          null,
          null,
          null,
          null,
          null,
          null,
          null,
          null,
          null,
          null,
          0,
          0,
          null,
          0,
          0,
          null,
          null,
          0,
          null,
          null,
          null,
          null,
          null,
          1,
          0,
          null,
          null,
          0,
          null,
          0,
          0,
          null,
          null,
          0,
          null,
          null,
          null,
          null,
          null,
          null,
          null,
          0,
          0,
          null,
          null,
          null,
          0,
          null,
          null,
          null,
          null,
          1,
          0,
          null,
          0,
          0,
          null,
          null,
          0,
          null,
          null,
          null
        ]
      },
      "/mnt/c/Users/rymiw/CascadeProjects/weather_forecast_app/app/services/service_base.rb": {
        "lines": [
          null,
          null,
          null,
          null,
          1,
          1,
          null,
          null,
          1,
          null,
          null,
          null,
          1,
          8,
          null,
          null,
          null,
          null,
          1,
          null,
          2,
          2,
          null,
          null,
          2,
          null,
          null,
          2,
          0,
          0,
          null,
          null,
          0,
          0,
          0,
          null,
          0,
          0,
          0,
          null,
          null,
          null,
          null,
          null,
          1,
          0,
          null,
          null,
          null,
          null,
          1,
          0,
          null,
          null,
          null,
          null,
          1,
          0,
          null,
          null
        ]
      },
      "/mnt/c/Users/rymiw/CascadeProjects/weather_forecast_app/app/services/mock_weather_service.rb": {
        "lines": [
          null,
          null,
          null,
          null,
          1,
          null,
          1,
          6,
          6,
          null,
          null,
          null,
          null,
          null,
          null,
          null,
          1,
          5,
          null,
          null,
          5,
          null,
          null,
          null,
          5,
          null,
          0,
          0,
          null,
          null,
          1,
          null,
          null,
          1,
          null,
          5,
          5,
          null,
          null,
          5,
          5,
          5,
          null,
          null,
          null,
          5,
          5,
          5,
          null,
          5,
          null,
          null,
          0,
          null,
          null,
          null,
          null,
          0,
          null,
          null,
          null,
          null,
          null,
          null,
          null,
          1,
          5,
          null,
          5,
          0,
          null,
          null,
          0,
          0,
          null,
          null,
          null,
          0,
          0,
          null,
          null,
          0,
          null,
          null,
          null,
          0,
          null,
          null,
          null,
          null,
          0,
          null,
          null
        ]
      },
      "/mnt/c/Users/rymiw/CascadeProjects/weather_forecast_app/app/services/open_weather_map_client.rb": {
        "lines": [
          null,
          1,
          1,
          1,
          1,
          null,
          null,
          null,
          1,
          1,
          null,
          1,
          1,
          null,
          null,
          1,
          0,
          0,
          null,
          null,
          null,
          null,
          null,
          1,
          null,
          0,
          0,
          null,
          null,
          0,
          null,
          null,
          0,
          null,
          0,
          0,
          null,
          null,
          0,
          0,
          null,
          null,
          null,
          0,
          null,
          null,
          null,
          null,
          null,
          1,
          null,
          null,
          null,
          null,
          1,
          null,
          0,
          0,
          null,
          null,
          0,
          null,
          0,
          0,
          0,
          null,
          null,
          null,
          null,
          null,
          null,
          null,
          1,
          null,
          0,
          null,
          null,
          0,
          0,
          null,
          0,
          null,
          null,
          null,
          0,
          null,
          null,
          0,
          null,
          0,
          0,
          null,
          null,
          null,
          null,
          null,
          1,
          null,
          0,
          null,
          null,
          null,
          null,
          null,
          null,
          1,
          null,
          0,
          null,
          null,
          null,
          null,
          1,
          0,
          null,
          null
        ]
      },
      "/mnt/c/Users/rymiw/CascadeProjects/weather_forecast_app/app/clients/api_client_base.rb": {
        "lines": [
          null,
          null,
          null,
          null,
          1,
          1,
          null,
          null,
          1,
          null,
          null,
          1,
          1,
          null,
          1,
          6,
          6,
          6,
          6,
          null,
          null,
          null,
          null,
          1,
          null,
          null,
          1,
          null,
          null,
          null,
          null,
          null,
          null,
          1,
          0,
          0,
          null,
          null,
          1,
          null,
          null,
          null,
          null,
          null,
          null,
          1,
          null,
          0,
          0,
          0,
          null,
          0,
          0,
          null,
          0,
          0,
          null,
          0,
          0,
          null,
          null,
          null,
          null,
          null,
          null,
          1,
          0,
          null,
          0,
          null,
          0,
          null,
          null,
          null,
          null,
          null,
          0,
          null,
          null,
          null,
          null,
          null,
          0,
          0,
          null,
          0,
          null,
          null,
          null,
          null,
          null,
          null,
          null,
          null,
          null,
          null,
          null,
          1,
          0,
          null,
          0,
          0,
          null,
          null,
          null,
          null,
          null,
          1,
          0,
          0,
          null,
          0,
          null,
          null,
          null,
          null,
          null,
          null,
          1,
          0,
          null,
          null,
          null
        ]
      },
      "/mnt/c/Users/rymiw/CascadeProjects/weather_forecast_app/app/services/temperature_conversion_service.rb": {
        "lines": [
          null,
          null,
          null,
          null,
          1,
          null,
          null,
          null,
          1,
          31,
          null,
          31,
          31,
          null,
          null,
          null,
          null,
          null,
          1,
          14,
          null,
          14,
          14,
          null,
          null,
          null,
          null,
          null,
          null,
          null,
          1,
          14,
          null,
          null,
          13,
          13,
          null,
          null,
          13,
          null,
          10,
          5,
          5,
          3,
          null,
          2,
          null,
          null,
          null
        ]
      },
      "/mnt/c/Users/rymiw/CascadeProjects/weather_forecast_app/app/services/temperature_units_service.rb": {
        "lines": [
          null,
          null,
          null,
          null,
          1,
          null,
          null,
          null,
          1,
          null,
          9,
          5,
          5,
          null,
          null,
          null,
          4,
          null,
          null,
          1,
          null,
          null,
          null,
          null,
          1,
          5,
          5,
          null,
          null
        ]
      },
      "/mnt/c/Users/rymiw/CascadeProjects/weather_forecast_app/app/services/weather_service.rb": {
        "lines": [
          null,
          1,
          1,
          null,
          null,
          null,
          1,
          null,
          1,
          null,
          null,
          null,
          1,
          7,
          7,
          null,
          null,
          null,
          null,
          null,
          1,
          2,
          2,
          2,
          2,
          null,
          1,
          1,
          null,
          1,
          1,
          1,
          1,
          1,
          null,
          null,
          1,
          null,
          null,
          null,
          null,
          1,
          0,
          0,
          null,
          0,
          0,
          null,
          0,
          0,
          null,
          null,
          null,
          null,
          null,
          1,
          2,
          null,
          2,
          2,
          null,
          1,
          null,
          1,
          null,
          null,
          null,
          null,
          null,
          1,
          0,
          null,
          0,
          0,
          null,
          null,
          0,
          0,
          null,
          0,
          0,
          null,
          0,
          null,
          null,
          null,
          null,
          null,
          null,
          1,
          0,
          null,
          0,
          null,
          0,
          null,
          null,
          0,
          null,
          null,
          0,
          null,
          null,
          null,
          null,
          null,
          null,
          null,
          null,
          null,
          null,
          null,
          1,
          1,
          1,
          2,
          2,
          null,
          null,
          3,
          null,
          1,
          1,
          null,
          null,
          null,
          null,
          null,
          1,
          1,
          null,
          1,
          2,
          2,
          null,
          2,
          null,
          null,
          null,
          null,
          null,
          null,
          null,
          null,
          2,
          2,
          null,
          null,
          2,
          2,
          null,
          null,
          1,
          null,
          3,
          1,
          null,
          null,
          1,
          null,
          1,
          null,
          1,
          null,
          null,
          null,
          null,
          null,
          1,
          0,
          0,
          null,
          0,
          0,
          0,
          null,
          null,
          0,
          0,
          null,
          0,
          0,
          null,
          null
        ]
      },
      "/mnt/c/Users/rymiw/CascadeProjects/weather_forecast_app/app/services/zip_code_extraction_service.rb": {
        "lines": [
          null,
          null,
          null,
          null,
          1,
          null,
          1,
          null,
          null,
          null,
          null,
          1,
          22,
          null,
          19,
          19,
          null,
          null,
          null,
          null,
          null,
          null,
          1,
          8,
          null,
          null,
          7,
          null,
          null,
          null,
          4,
          null,
          null,
          null
        ]
      },
      "/mnt/c/Users/rymiw/CascadeProjects/weather_forecast_app/app/services/find_or_create_forecast_service.rb": {
        "lines": [
          null,
          1,
          null,
          null,
          null,
          1,
          1,
          null,
          null,
          null,
          null,
          1,
          8,
          8,
          null,
          null,
          null,
          null,
          1,
          8,
          null,
          null,
          6,
          null,
          null,
          6,
          6,
          null,
          null,
          3,
          null,
          null,
          1,
          null,
          null,
          null,
          1,
          null,
          3,
          3,
          null,
          null,
          3,
          3,
          null,
          null,
          3,
          null,
          null,
          null,
          null,
          null,
          null,
          null,
          null,
          null,
          null,
          0,
          0,
          null,
          null,
          null,
          null,
          1,
          3,
          null,
          3,
          3,
          null,
          null,
          0,
          null,
          null,
          null
        ]
      },
      "/mnt/c/Users/rymiw/CascadeProjects/weather_forecast_app/app/services/mock_open_weather_map_client.rb": {
        "lines": [
          null,
          1,
          null,
          null,
          1,
          1,
          null,
          1,
          null,
          null,
          1,
          null,
          1,
          null,
          null,
          null,
          null,
          null,
          1,
          null,
          3,
          null,
          null,
          3,
          3,
          null,
          3,
          null,
          null,
          null,
          null,
          null,
          1,
          null,
          3,
          3,
          null,
          null,
          3,
          3,
          null,
          null,
          3,
          null,
          null,
          null,
          null,
          null,
          null,
          null,
          1,
          null,
          3,
          null,
          null,
          null,
          null,
          3,
          3,
          3,
          null,
          null,
          null,
          3,
          3,
          null,
          3,
          null,
          null,
          null,
          3,
          3,
          3,
          3,
          null,
          null,
          null,
          null,
          null,
          null,
          null,
          null,
          3,
          null,
          3,
          null,
          null,
          null,
          null,
          1,
          null,
          null,
          null,
          null,
          1,
          0,
          null,
          0,
          0,
          null,
          null,
          null,
          null,
          null,
          null,
          null,
          null,
          null,
          1,
          null,
          3,
          null,
          null,
          3,
          null,
          15,
          10,
          2,
          2,
          2,
          2,
          2,
          null,
          null,
          5,
          null,
          null,
          null,
          15,
          null,
          null,
          15,
          15,
          null,
          null,
          15,
          45,
          null,
          45,
          null,
          null,
          null,
          null,
          null,
          null,
          null,
          null,
          null,
          null,
          null,
          null,
          null,
          null,
          null,
          null,
          null,
          3,
          null,
          null
        ]
      },
      "/mnt/c/Users/rymiw/CascadeProjects/weather_forecast_app/app/channels/application_cable/channel.rb": {
        "lines": [
          0,
          0,
          0,
          0
        ],
        "branches": {
        }
      },
      "/mnt/c/Users/rymiw/CascadeProjects/weather_forecast_app/app/channels/application_cable/connection.rb": {
        "lines": [
          0,
          0,
          0,
          0
        ],
        "branches": {
        }
      },
      "/mnt/c/Users/rymiw/CascadeProjects/weather_forecast_app/app/components/weather_card_component.rb": {
        "lines": [
          null,
          null,
          0,
          0,
          0,
          null,
          null,
          null,
          null,
          null,
          0,
          0,
          0,
          0,
          0,
          null,
          null,
          null,
          0,
          null,
          0,
          0,
          null,
          null,
          null,
          0,
          0,
          0,
          0,
          0,
          0,
          0,
          null,
          null,
          null,
          0,
          0,
          0,
          0,
          0,
          0,
          0,
          null,
          null,
          null,
          0,
          0,
          0,
          0,
          0,
          0,
          0,
          null,
          null,
          null,
          0,
          0,
          0,
          0,
          0,
          0,
          0,
          0
        ],
        "branches": {
        }
      },
      "/mnt/c/Users/rymiw/CascadeProjects/weather_forecast_app/app/jobs/application_job.rb": {
        "lines": [
          0,
          null,
          null,
          null,
          null,
          null,
          0
        ],
        "branches": {
        }
      },
      "/mnt/c/Users/rymiw/CascadeProjects/weather_forecast_app/app/mailers/application_mailer.rb": {
        "lines": [
          0,
          0,
          0,
          0
        ],
        "branches": {
        }
      }
    },
    "timestamp": 1744343937
  }
}
