{
  "RSpec": {
    "coverage": {
      "/mnt/c/Users/rymiw/CascadeProjects/weather_forecast_app/app/helpers/application_helper.rb": {
        "lines": [
          1,
          null
        ]
      },
      "/mnt/c/Users/rymiw/CascadeProjects/weather_forecast_app/app/helpers/date_time_formatter_helper.rb": {
        "lines": [
          null,
          null,
          null,
          null,
          1,
          null,
          null,
          null,
          1,
          2,
          1,
          null,
          null,
          null,
          null,
          null,
          1,
          3,
          2,
          null,
          null,
          null,
          null,
          null,
          1,
          4,
          null,
          null,
          3,
          null,
          2,
          null,
          1,
          null,
          null,
          null,
          2,
          null,
          null,
          null,
          null,
          null,
          1,
          2,
          1,
          null,
          null
        ]
      },
      "/mnt/c/Users/rymiw/CascadeProjects/weather_forecast_app/app/helpers/forecasts_helper.rb": {
        "lines": [
          1,
          null
        ]
      },
      "/mnt/c/Users/rymiw/CascadeProjects/weather_forecast_app/app/helpers/temperature_helper.rb": {
        "lines": [
          null,
          null,
          null,
          null,
          1,
          null,
          null,
          null,
          null,
          null,
          null,
          null,
          null,
          null,
          1,
          138,
          null,
          null,
          136,
          null,
          136,
          136,
          136,
          136,
          null,
          null,
          136,
          null,
          null,
          136,
          null,
          null,
          136,
          112,
          null,
          24,
          null,
          null,
          136,
          136,
          null,
          0,
          null,
          null,
          null,
          136,
          null,
          null,
          136,
          null,
          null,
          136,
          null,
          null,
          136,
          125,
          125,
          null,
          null,
          11,
          null,
          null,
          null,
          1,
          null,
          null,
          1,
          136,
          null,
          20,
          null,
          0,
          null,
          2,
          null,
          16,
          null,
          9,
          null,
          89,
          null,
          null,
          null,
          null,
          1,
          null,
          123,
          107,
          8,
          99,
          36,
          null,
          63,
          null,
          null,
          16,
          3,
          13,
          7,
          null,
          6,
          null,
          null,
          null,
          null
        ]
      },
      "/mnt/c/Users/rymiw/CascadeProjects/weather_forecast_app/app/helpers/weather_icons_helper.rb": {
        "lines": [
          null,
          null,
          null,
          1,
          null,
          null,
          null,
          1,
          31,
          null,
          30,
          null,
          7,
          null,
          14,
          null,
          3,
          null,
          1,
          null,
          1,
          null,
          1,
          null,
          2,
          null,
          1,
          null,
          null,
          null,
          null,
          null,
          null,
          null,
          1,
          22,
          null,
          null,
          null,
          null,
          null
        ]
      },
      "/mnt/c/Users/rymiw/CascadeProjects/weather_forecast_app/app/controllers/forecasts_controller.rb": {
        "lines": [
          1,
          null,
          1,
          null,
          45,
          null,
          45,
          null,
          null,
          45,
          null,
          null,
          29,
          null,
          null,
          null,
          null,
          null,
          null,
          18,
          null,
          null,
          18,
          18,
          18,
          null,
          11,
          null,
          5,
          5,
          null,
          null,
          2,
          2,
          null,
          null,
          2,
          2,
          null,
          null,
          1,
          1,
          null,
          null,
          1,
          1,
          null,
          null,
          0,
          0,
          null,
          16,
          null,
          3,
          3,
          null,
          null,
          null,
          null,
          1,
          11,
          null,
          9,
          null,
          9,
          null,
          2,
          null,
          null,
          1,
          null,
          null,
          1,
          10,
          10,
          null,
          null
        ]
      },
      "/mnt/c/Users/rymiw/CascadeProjects/weather_forecast_app/app/controllers/application_controller.rb": {
        "lines": [
          1,
          null,
          1,
          null,
          null,
          null,
          null,
          1,
          null,
          50,
          0,
          null,
          null,
          null,
          50,
          null,
          null,
          null,
          null,
          null
        ]
      },
      "/mnt/c/Users/rymiw/CascadeProjects/weather_forecast_app/app/models/forecast.rb": {
        "lines": [
          1,
          null,
          1,
          1,
          null,
          null,
          25,
          null,
          null,
          null,
          null,
          null,
          null,
          1,
          24,
          null,
          24,
          null,
          null,
          null,
          null,
          null,
          1,
          0,
          null,
          null,
          null,
          null,
          null,
          null,
          null,
          null,
          null,
          null,
          null,
          null,
          null,
          1,
          37,
          null,
          37,
          null,
          null,
          null,
          null,
          1,
          11,
          null,
          null,
          null,
          null,
          1,
          28,
          null,
          27,
          null,
          1,
          null,
          null
        ]
      },
      "/mnt/c/Users/rymiw/CascadeProjects/weather_forecast_app/app/models/application_record.rb": {
        "lines": [
          1,
          1,
          null
        ]
      },
      "/mnt/c/Users/rymiw/CascadeProjects/weather_forecast_app/app/services/error_handling_service.rb": {
        "lines": [
          null,
          null,
          null,
          null,
          1,
          null,
          1,
          1,
          1,
          1,
          1,
          null,
          null,
          1,
          null,
          null,
          null,
          null,
          null,
          1,
          23,
          null,
          23,
          null,
          1,
          null,
          3,
          null,
          3,
          null,
          1,
          null,
          3,
          null,
          10,
          null,
          2,
          null,
          null,
          null,
          null,
          null,
          null,
          null,
          1,
          9,
          null,
          7,
          7,
          null,
          7,
          null,
          null,
          null,
          null,
          null,
          null,
          null,
          null,
          1,
          3,
          null,
          null,
          3,
          null,
          null,
          3,
          null,
          null,
          null,
          null,
          null,
          null,
          1,
          23,
          null,
          22,
          null,
          null,
          null,
          null,
          null,
          null,
          null,
          null,
          null,
          null,
          null,
          1,
          6,
          null,
          5,
          null,
          null,
          null,
          null,
          null,
          null,
          null
        ]
      },
      "/mnt/c/Users/rymiw/CascadeProjects/weather_forecast_app/app/services/forecast_retrieval_service.rb": {
        "lines": [
          null,
          null,
          null,
          null,
          1,
          null,
          null,
          null,
          null,
          null,
          null,
          null,
          null,
          1,
          21,
          null,
          null,
          1,
          21,
          21,
          21,
          21,
          null,
          null,
          null,
          null,
          1,
          null,
          21,
          18,
          18,
          null,
          null,
          null,
          14,
          null,
          null,
          2,
          2,
          2,
          null,
          null,
          1,
          null,
          null,
          1,
          0,
          null,
          null,
          null,
          null,
          1,
          null,
          14,
          14,
          null,
          null,
          null,
          null,
          13,
          13,
          5,
          null,
          8,
          null,
          null,
          null,
          13,
          1,
          12,
          2,
          2,
          null,
          null,
          null,
          null,
          10,
          10,
          10,
          null,
          null,
          10,
          7,
          7,
          7,
          3,
          null,
          1,
          1,
          1,
          null,
          null,
          null,
          10,
          null,
          null,
          null,
          null,
          null,
          10,
          null,
          null,
          null,
          null,
          null,
          10,
          4,
          4,
          null,
          null,
          10,
          null,
          null
        ]
      },
      "/mnt/c/Users/rymiw/CascadeProjects/weather_forecast_app/app/services/mock_weather_service.rb": {
        "lines": [
          null,
          null,
          null,
          null,
          1,
          null,
          1,
          9,
          9,
          null,
          null,
          null,
          null,
          null,
          null,
          null,
          1,
          10,
          null,
          null,
          10,
          null,
          null,
          null,
          10,
          null,
          10,
          10,
          null,
          null,
          1,
          null,
          null,
          1,
          null,
          10,
          10,
          null,
          null,
          10,
          10,
          10,
          null,
          null,
          null,
          10,
          10,
          10,
          null,
          10,
          null,
          null,
          10,
          null,
          null,
          null,
          null,
          10,
          null,
          null,
          null,
          null,
          null,
          null,
          null,
          1,
          10,
          null,
          10,
          50,
          null,
          null,
          50,
          50,
          null,
          null,
          null,
          50,
          50,
          null,
          null,
          50,
          null,
          null,
          null,
          50,
          null,
          null,
          null,
          null,
          10,
          null,
          null
        ]
      },
      "/mnt/c/Users/rymiw/CascadeProjects/weather_forecast_app/app/services/temperature_conversion_service.rb": {
        "lines": [
          null,
          null,
          null,
          null,
          1,
          null,
          null,
          null,
          1,
          167,
          null,
          167,
          167,
          null,
          null,
          null,
          null,
          null,
          1,
          136,
          null,
          136,
          136,
          null,
          null,
          null,
          null,
          null,
          null,
          null,
          1,
          14,
          null,
          null,
          13,
          13,
          null,
          null,
          13,
          null,
          10,
          5,
          5,
          3,
          null,
          2,
          null,
          null,
          null
        ]
      },
      "/mnt/c/Users/rymiw/CascadeProjects/weather_forecast_app/app/services/temperature_units_service.rb": {
        "lines": [
          null,
          null,
          null,
          null,
          1,
          null,
          null,
          null,
          null,
          1,
          null,
          47,
          5,
          5,
          null,
          null,
          null,
          42,
          42,
          null,
          null,
          6,
          null,
          4,
          3,
          null,
          1,
          null,
          null,
          null,
          null,
          null,
          4,
          null,
          null,
          1,
          null,
          null,
          null,
          null,
          1,
          5,
          5,
          null,
          null,
          1,
          null,
          null,
          null,
          1,
          0,
          null,
          null,
          null,
          null,
          null,
          1,
          0,
          0,
          null,
          null
        ]
      },
      "/mnt/c/Users/rymiw/CascadeProjects/weather_forecast_app/app/services/user_location_service.rb": {
        "lines": [
          null,
          null,
          null,
          1,
          null,
          1,
          null,
          null,
          1,
          null,
          null,
          null,
          null,
          null,
          null,
          null,
          1,
          11,
          null,
          null,
          null,
          5,
          4,
          null,
          null,
          4,
          null,
          1,
          1,
          null,
          null,
          null,
          null,
          null,
          null,
          1,
          22,
          null,
          null,
          20,
          null,
          null,
          null,
          null,
          null,
          null,
          null,
          null,
          null,
          117,
          null,
          null
        ]
      },
      "/mnt/c/Users/rymiw/CascadeProjects/weather_forecast_app/app/services/weather_service.rb": {
        "lines": [
          null,
          1,
          1,
          null,
          null,
          null,
          1,
          null,
          1,
          null,
          null,
          null,
          1,
          7,
          7,
          null,
          null,
          null,
          null,
          null,
          1,
          2,
          2,
          2,
          2,
          null,
          1,
          1,
          null,
          1,
          1,
          1,
          1,
          1,
          null,
          null,
          1,
          null,
          null,
          null,
          null,
          1,
          0,
          0,
          null,
          0,
          0,
          null,
          0,
          0,
          null,
          null,
          null,
          null,
          null,
          1,
          2,
          null,
          2,
          2,
          null,
          1,
          null,
          1,
          null,
          null,
          null,
          null,
          null,
          1,
          0,
          null,
          0,
          0,
          null,
          null,
          0,
          0,
          null,
          0,
          0,
          null,
          0,
          null,
          null,
          null,
          null,
          null,
          null,
          1,
          0,
          null,
          0,
          null,
          0,
          null,
          null,
          0,
          null,
          null,
          0,
          null,
          null,
          null,
          null,
          null,
          null,
          null,
          null,
          null,
          null,
          null,
          1,
          1,
          1,
          2,
          2,
          null,
          null,
          3,
          null,
          1,
          1,
          null,
          null,
          null,
          null,
          null,
          1,
          1,
          null,
          1,
          2,
          2,
          null,
          2,
          null,
          null,
          null,
          null,
          null,
          null,
          null,
          null,
          2,
          2,
          null,
          null,
          2,
          2,
          null,
          null,
          1,
          null,
          3,
          1,
          null,
          null,
          1,
          null,
          1,
          null,
          1,
          null,
          null,
          null,
          null,
          null,
          1,
          0,
          0,
          null,
          0,
          0,
          0,
          null,
          null,
          0,
          0,
          null,
          0,
          0,
          null,
          null
        ]
      },
      "/mnt/c/Users/rymiw/CascadeProjects/weather_forecast_app/app/services/zip_code_extraction_service.rb": {
        "lines": [
          null,
          null,
          null,
          null,
          1,
          null,
          1,
          null,
          null,
          null,
          null,
          1,
          29,
          null,
          26,
          26,
          null,
          null,
          null,
          null,
          null,
          null,
          1,
          8,
          null,
          null,
          7,
          null,
          null,
          null,
          4,
          null,
          null,
          null
        ]
      },
      "/mnt/c/Users/rymiw/CascadeProjects/weather_forecast_app/app/channels/application_cable/channel.rb": {
        "lines": [
          0,
          0,
          0,
          0
        ],
        "branches": {
        }
      },
      "/mnt/c/Users/rymiw/CascadeProjects/weather_forecast_app/app/channels/application_cable/connection.rb": {
        "lines": [
          0,
          0,
          0,
          0
        ],
        "branches": {
        }
      },
      "/mnt/c/Users/rymiw/CascadeProjects/weather_forecast_app/app/jobs/application_job.rb": {
        "lines": [
          0,
          null,
          null,
          null,
          null,
          null,
          0
        ],
        "branches": {
        }
      },
      "/mnt/c/Users/rymiw/CascadeProjects/weather_forecast_app/app/mailers/application_mailer.rb": {
        "lines": [
          0,
          0,
          0,
          0
        ],
        "branches": {
        }
      }
    },
    "timestamp": 1744249960
  }
}
